2024-05-29 14:32:39,314 [Worker-1: Loading available Gradle versions] INFO  o.e.b.c.i.u.g.PublishedGradleVersions - Gradle version information cache is up-to-date. Trying to read.
2024-05-29 14:38:07,696 [Worker-3: Import Getting Started Content] INFO  o.e.m.c.i.l.LifecycleMappingFactory - Using org.maven.ide.eclipse.wtp.WarLifecycleMapping lifecycle mapping for MavenProject: com.example:JenkinSpringBoot:0.0.1-SNAPSHOT @ C:\Users\Anvesha.Shukla\OneDrive - Brillio\Desktop\Technical Training\Jenkins-Test\JenkinSpringBoot\pom.xml.
2024-05-29 14:38:12,294 [Worker-3: Import Getting Started Content] INFO  o.e.m.j.i.AbstractJavaProjectConfigurator - Adding source folder /JenkinSpringBoot/src/main/java
2024-05-29 14:38:12,296 [Worker-3: Import Getting Started Content] INFO  o.e.m.j.i.AbstractJavaProjectConfigurator - Adding resource folder /JenkinSpringBoot/src/main/resources
2024-05-29 14:38:12,313 [Worker-3: Import Getting Started Content] INFO  o.e.m.j.i.AbstractJavaProjectConfigurator - Adding resource folder /JenkinSpringBoot/src/main/resources
2024-05-29 14:38:12,333 [Worker-3: Import Getting Started Content] INFO  o.e.m.j.i.AbstractJavaProjectConfigurator - Adding source folder /JenkinSpringBoot/src/test/java
2024-05-29 14:38:12,335 [Worker-3: Import Getting Started Content] INFO  o.e.m.j.i.AbstractJavaProjectConfigurator - Adding resource folder /JenkinSpringBoot/src/test/resources
2024-05-29 14:38:17,105 [Worker-3: Import Getting Started Content] INFO  o.e.m.c.i.p.ProjectConfigurationManager - Imported and configured 1 project(s) in 14 sec
2024-05-29 14:38:17,108 [Worker-3: Import Getting Started Content] INFO  o.e.m.c.i.p.ProjectConfigurationManager - Update started
2024-05-29 14:38:17,482 [Worker-3: Import Getting Started Content] INFO  o.e.m.c.i.l.LifecycleMappingFactory - Using org.maven.ide.eclipse.wtp.WarLifecycleMapping lifecycle mapping for MavenProject: com.example:JenkinSpringBoot:0.0.1-SNAPSHOT @ C:\Users\Anvesha.Shukla\OneDrive - Brillio\Desktop\Technical Training\Jenkins-Test\JenkinSpringBoot\pom.xml.
2024-05-29 14:38:18,066 [Worker-3: Import Getting Started Content] INFO  o.e.m.j.i.AbstractJavaProjectConfigurator - Adding source folder /JenkinSpringBoot/src/main/java
2024-05-29 14:38:18,067 [Worker-3: Import Getting Started Content] INFO  o.e.m.j.i.AbstractJavaProjectConfigurator - Adding resource folder /JenkinSpringBoot/src/main/resources
2024-05-29 14:38:18,068 [Worker-3: Import Getting Started Content] INFO  o.e.m.j.i.AbstractJavaProjectConfigurator - Adding resource folder /JenkinSpringBoot/src/main/resources
2024-05-29 14:38:18,070 [Worker-3: Import Getting Started Content] INFO  o.e.m.j.i.AbstractJavaProjectConfigurator - Adding source folder /JenkinSpringBoot/src/test/java
2024-05-29 14:38:18,072 [Worker-3: Import Getting Started Content] INFO  o.e.m.j.i.AbstractJavaProjectConfigurator - Adding resource folder /JenkinSpringBoot/src/test/resources
2024-05-29 14:38:18,960 [Worker-3: Import Getting Started Content] INFO  o.e.m.w.i.f.ResourceFilteringBuildParticipant - Cleaning filtered folder for JenkinSpringBoot
2024-05-29 14:38:18,983 [Worker-3: Import Getting Started Content] INFO  o.e.m.c.i.p.ProjectConfigurationManager - Update completed for 1 poms: local refresh takes 0.00 sec, refresh facades takes 0.00 sec, update config takes 0.00 sec 
2024-05-29 14:38:19,735 [Worker-15: Building] INFO  o.a.m.s.f.DefaultMavenResourcesFiltering - Copying 1 resource from src\main\resources to target\classes
2024-05-29 14:38:19,755 [Worker-15: Building] INFO  o.a.m.s.f.DefaultMavenResourcesFiltering - Copying 0 resource from src\main\resources to target\classes
2024-05-29 14:38:19,760 [Worker-15: Building] INFO  o.a.m.s.f.DefaultMavenResourcesFiltering - skip non existing resourceDirectory C:\Users\Anvesha.Shukla\OneDrive - Brillio\Desktop\Technical Training\Jenkins-Test\JenkinSpringBoot\src\test\resources
2024-05-29 14:38:19,761 [Worker-15: Building] INFO  o.e.m.w.i.f.ResourceFilteringBuildParticipant - Changed resources require a complete clean of filtered resources of JenkinSpringBoot
2024-05-29 14:38:19,761 [Worker-15: Building] INFO  o.e.m.w.i.f.ResourceFilteringBuildParticipant - Executing resource filtering for JenkinSpringBoot
2024-05-29 14:38:59,926 [Worker-3: Building] INFO  o.a.m.s.f.DefaultMavenResourcesFiltering - Copying 0 resource from src\main\resources to target\classes
2024-05-29 14:38:59,929 [Worker-3: Building] INFO  o.a.m.s.f.DefaultMavenResourcesFiltering - Copying 1 resource from src\main\resources to target\classes
2024-05-29 14:38:59,939 [Worker-3: Building] INFO  o.a.m.s.f.DefaultMavenResourcesFiltering - skip non existing resourceDirectory C:\Users\Anvesha.Shukla\OneDrive - Brillio\Desktop\Technical Training\Jenkins-Test\JenkinSpringBoot\src\test\resources
2024-05-29 14:40:19,182 [Worker-17: Building] INFO  o.a.m.s.f.DefaultMavenResourcesFiltering - Copying 0 resource from src\main\resources to target\classes
2024-05-29 14:40:19,183 [Worker-17: Building] INFO  o.a.m.s.f.DefaultMavenResourcesFiltering - Copying 1 resource from src\main\resources to target\classes
